javax.mail.internet.AddressException: Illegal address in string ``''
	at javax.mail.internet.InternetAddress.<init>(InternetAddress.java:114)
	at org.ifold.manager.ManagerUtil.sendMail(ManagerUtil.java:448)
	at org.ifold.manager.ManagerUtil.updateFold(ManagerUtil.java:296)
	at org.ifold.manager.ManagerDaemon.processMessage(ManagerDaemon.java:194)
	at org.ifold.manager.ManagerMessageReader.run(ManagerMessageReader.java:46)
	at org.ifold.manager.ManagerMessageListener.run(ManagerMessageListener.java:44)
javax.mail.internet.AddressException: Illegal address in string ``''
	at javax.mail.internet.InternetAddress.<init>(InternetAddress.java:114)
	at org.ifold.manager.ManagerUtil.sendMail(ManagerUtil.java:448)
	at org.ifold.manager.ManagerUtil.updateFold(ManagerUtil.java:296)
	at org.ifold.manager.ManagerDaemon.processMessage(ManagerDaemon.java:194)
	at org.ifold.manager.ManagerMessageReader.run(ManagerMessageReader.java:46)
	at org.ifold.manager.ManagerMessageListener.run(ManagerMessageListener.java:44)
2017-11-27 17:41:47
Full thread dump OpenJDK 64-Bit Server VM (25.151-b12 mixed mode):

"DestroyJavaVM" #17 prio=5 os_prio=0 tid=0x00007f7ca8008830 nid=0x49d3 waiting on condition [0x0000000000000000]
   java.lang.Thread.State: RUNNABLE

"Thread-3" #13 prio=5 os_prio=0 tid=0x00007f7ca83aa550 nid=0x49ed runnable [0x00007f7c88431000]
   java.lang.Thread.State: RUNNABLE
	at java.net.PlainSocketImpl.socketAccept(Native Method)
	at java.net.AbstractPlainSocketImpl.accept(AbstractPlainSocketImpl.java:409)
	at java.net.ServerSocket.implAccept(ServerSocket.java:545)
	at java.net.ServerSocket.accept(ServerSocket.java:513)
	at org.ifold.manager.ManagerDataListener.run(ManagerDataListener.java:34)
	- locked <0x000000071ac24358> (a org.ifold.manager.ManagerDataListener)

"Thread-2" #12 prio=5 os_prio=0 tid=0x00007f7ca83a9040 nid=0x49ec runnable [0x00007f7c88532000]
   java.lang.Thread.State: RUNNABLE
	at java.net.PlainSocketImpl.socketAccept(Native Method)
	at java.net.AbstractPlainSocketImpl.accept(AbstractPlainSocketImpl.java:409)
	at java.net.ServerSocket.implAccept(ServerSocket.java:545)
	at java.net.ServerSocket.accept(ServerSocket.java:513)
	at org.ifold.manager.ManagerPhpListener.run(ManagerPhpListener.java:37)

"Thread-0" #10 prio=5 os_prio=0 tid=0x00007f7ca83a7bb0 nid=0x49eb in Object.wait() [0x00007f7c88633000]
   java.lang.Thread.State: TIMED_WAITING (on object monitor)
	at java.lang.Object.wait(Native Method)
	- waiting on <0x000000071ac1b960> (a org.ifold.manager.ManagerDistributor)
	at org.ifold.manager.ManagerDistributor.run(ManagerDistributor.java:125)
	- locked <0x000000071ac1b960> (a org.ifold.manager.ManagerDistributor)

"Thread-1" #11 prio=5 os_prio=0 tid=0x00007f7ca83a6a00 nid=0x49ea runnable [0x00007f7c88734000]
   java.lang.Thread.State: RUNNABLE
	at java.net.PlainSocketImpl.socketAccept(Native Method)
	at java.net.AbstractPlainSocketImpl.accept(AbstractPlainSocketImpl.java:409)
	at java.net.ServerSocket.implAccept(ServerSocket.java:545)
	at java.net.ServerSocket.accept(ServerSocket.java:513)
	at org.ifold.manager.ManagerMessageListener.run(ManagerMessageListener.java:41)
	- locked <0x000000071ac1e8f8> (a org.ifold.manager.ManagerMessageListener)

"Thread-6" #16 prio=5 os_prio=0 tid=0x00007f7ca8396060 nid=0x49e9 in Object.wait() [0x00007f7c88835000]
   java.lang.Thread.State: WAITING (on object monitor)
	at java.lang.Object.wait(Native Method)
	- waiting on <0x000000071acc9a98> (a org.ifold.manager.ManagerDaemon)
	at java.lang.Object.wait(Object.java:502)
	at org.ifold.manager.ManagerDaemon.run(ManagerDaemon.java:153)
	- locked <0x000000071acc9a98> (a org.ifold.manager.ManagerDaemon)

"Thread-5" #15 prio=5 os_prio=0 tid=0x00007f7ca83ae410 nid=0x49e8 in Object.wait() [0x00007f7c88936000]
   java.lang.Thread.State: WAITING (on object monitor)
	at java.lang.Object.wait(Native Method)
	- waiting on <0x000000071acc9528> (a org.ifold.manager.ManagerDaemon)
	at java.lang.Object.wait(Object.java:502)
	at org.ifold.manager.ManagerDaemon.run(ManagerDaemon.java:153)
	- locked <0x000000071acc9528> (a org.ifold.manager.ManagerDaemon)

"Thread-4" #14 prio=5 os_prio=0 tid=0x00007f7ca83acc60 nid=0x49e7 in Object.wait() [0x00007f7c88a37000]
   java.lang.Thread.State: WAITING (on object monitor)
	at java.lang.Object.wait(Native Method)
	- waiting on <0x000000071acc8f68> (a org.ifold.manager.ManagerDaemon)
	at java.lang.Object.wait(Object.java:502)
	at org.ifold.manager.ManagerDaemon.run(ManagerDaemon.java:153)
	- locked <0x000000071acc8f68> (a org.ifold.manager.ManagerDaemon)

"Service Thread" #9 daemon prio=9 os_prio=0 tid=0x00007f7ca8225300 nid=0x49e4 runnable [0x0000000000000000]
   java.lang.Thread.State: RUNNABLE

"C1 CompilerThread3" #8 daemon prio=9 os_prio=0 tid=0x00007f7ca8218950 nid=0x49e3 waiting on condition [0x0000000000000000]
   java.lang.Thread.State: RUNNABLE

"C2 CompilerThread2" #7 daemon prio=9 os_prio=0 tid=0x00007f7ca8216d70 nid=0x49e2 waiting on condition [0x0000000000000000]
   java.lang.Thread.State: RUNNABLE

"C2 CompilerThread1" #6 daemon prio=9 os_prio=0 tid=0x00007f7ca801a3d0 nid=0x49e1 waiting on condition [0x0000000000000000]
   java.lang.Thread.State: RUNNABLE

"C2 CompilerThread0" #5 daemon prio=9 os_prio=0 tid=0x00007f7ca8208950 nid=0x49e0 waiting on condition [0x0000000000000000]
   java.lang.Thread.State: RUNNABLE

"Signal Dispatcher" #4 daemon prio=9 os_prio=0 tid=0x00007f7ca82070c0 nid=0x49df waiting on condition [0x0000000000000000]
   java.lang.Thread.State: RUNNABLE

"Finalizer" #3 daemon prio=8 os_prio=0 tid=0x00007f7ca81dd190 nid=0x49de in Object.wait() [0x00007f7c89657000]
   java.lang.Thread.State: WAITING (on object monitor)
	at java.lang.Object.wait(Native Method)
	- waiting on <0x000000071a208ec0> (a java.lang.ref.ReferenceQueue$Lock)
	at java.lang.ref.ReferenceQueue.remove(ReferenceQueue.java:143)
	- locked <0x000000071a208ec0> (a java.lang.ref.ReferenceQueue$Lock)
	at java.lang.ref.ReferenceQueue.remove(ReferenceQueue.java:164)
	at java.lang.ref.Finalizer$FinalizerThread.run(Finalizer.java:209)

"Reference Handler" #2 daemon prio=10 os_prio=0 tid=0x00007f7ca81d8f40 nid=0x49dd in Object.wait() [0x00007f7c89758000]
   java.lang.Thread.State: WAITING (on object monitor)
	at java.lang.Object.wait(Native Method)
	- waiting on <0x000000071a206b68> (a java.lang.ref.Reference$Lock)
	at java.lang.Object.wait(Object.java:502)
	at java.lang.ref.Reference.tryHandlePending(Reference.java:191)
	- locked <0x000000071a206b68> (a java.lang.ref.Reference$Lock)
	at java.lang.ref.Reference$ReferenceHandler.run(Reference.java:153)

"VM Thread" os_prio=0 tid=0x00007f7ca81cfa40 nid=0x49dc runnable 

"GC task thread#0 (ParallelGC)" os_prio=0 tid=0x00007f7ca801d2e0 nid=0x49d4 runnable 

"GC task thread#1 (ParallelGC)" os_prio=0 tid=0x00007f7ca801e870 nid=0x49d5 runnable 

"GC task thread#2 (ParallelGC)" os_prio=0 tid=0x00007f7ca801fe00 nid=0x49d6 runnable 

"GC task thread#3 (ParallelGC)" os_prio=0 tid=0x00007f7ca8021390 nid=0x49d7 runnable 

"GC task thread#4 (ParallelGC)" os_prio=0 tid=0x00007f7ca8022920 nid=0x49d8 runnable 

"GC task thread#5 (ParallelGC)" os_prio=0 tid=0x00007f7ca8023eb0 nid=0x49d9 runnable 

"GC task thread#6 (ParallelGC)" os_prio=0 tid=0x00007f7ca8025440 nid=0x49da runnable 

"GC task thread#7 (ParallelGC)" os_prio=0 tid=0x00007f7ca80269d0 nid=0x49db runnable 

"VM Periodic Task Thread" os_prio=0 tid=0x00007f7ca82271c0 nid=0x49e5 waiting on condition 

JNI global references: 354

Heap
 PSYoungGen      total 148992K, used 33288K [0x000000071a200000, 0x0000000724800000, 0x00000007c0000000)
  eden space 128000K, 26% used [0x000000071a200000,0x000000071c282020,0x0000000721f00000)
  from space 20992K, 0% used [0x0000000723380000,0x0000000723380000,0x0000000724800000)
  to   space 20992K, 0% used [0x0000000721f00000,0x0000000721f00000,0x0000000723380000)
 ParOldGen       total 339968K, used 0K [0x00000005ce600000, 0x00000005e3200000, 0x000000071a200000)
  object space 339968K, 0% used [0x00000005ce600000,0x00000005ce600000,0x00000005e3200000)
 Metaspace       used 11303K, capacity 11438K, committed 11776K, reserved 1060864K
  class space    used 1131K, capacity 1213K, committed 1280K, reserved 1048576K

