11/28 17:11:21 ******************************************************
11/28 17:11:21 ** condor_scheduniv_exec.364.0 (CONDOR_DAGMAN) STARTING UP
11/28 17:11:21 ** /home/condor/condor-6.8.5/bin/condor_dagman
11/28 17:11:21 ** $CondorVersion: 6.8.5 May 17 2007 $
11/28 17:11:21 ** $CondorPlatform: I386-LINUX_RHEL3 $
11/28 17:11:21 ** PID = 23379
11/28 17:11:21 ** Log last touched time unavailable (No such file or directory)
11/28 17:11:21 ******************************************************
11/28 17:11:21 Using config source: /home/condor/condor-6.8.5/etc/condor_config
11/28 17:11:21 Using local config sources: 
11/28 17:11:21    /home/condor/condor-6.8.5/local.troll/condor_config.local
11/28 17:11:21 DaemonCore: Command Socket at <152.19.36.1:42560>
11/28 17:11:21 DAGMAN_SUBMIT_DELAY setting: 0
11/28 17:11:21 DAGMAN_MAX_SUBMIT_ATTEMPTS setting: 6
11/28 17:11:21 DAGMAN_STARTUP_CYCLE_DETECT setting: 0
11/28 17:11:21 DAGMAN_MAX_SUBMITS_PER_INTERVAL setting: 5
11/28 17:11:21 allow_events (DAGMAN_IGNORE_DUPLICATE_JOB_EXECUTION, DAGMAN_ALLOW_EVENTS) setting: 114
11/28 17:11:21 DAGMAN_RETRY_SUBMIT_FIRST setting: 1
11/28 17:11:21 DAGMAN_RETRY_NODE_FIRST setting: 0
11/28 17:11:21 DAGMAN_MAX_JOBS_IDLE setting: 0
11/28 17:11:21 DAGMAN_MAX_JOBS_SUBMITTED setting: 0
11/28 17:11:21 DAGMAN_MUNGE_NODE_NAMES setting: 1
11/28 17:11:21 DAGMAN_DELETE_OLD_LOGS setting: 1
11/28 17:11:21 DAGMAN_PROHIBIT_MULTI_JOBS setting: 0
11/28 17:11:21 DAGMAN_ABORT_DUPLICATES setting: 0
11/28 17:11:21 argv[0] == "condor_scheduniv_exec.364.0"
11/28 17:11:21 argv[1] == "-Debug"
11/28 17:11:21 argv[2] == "3"
11/28 17:11:21 argv[3] == "-Lockfile"
11/28 17:11:21 argv[4] == "job.dagman.lock"
11/28 17:11:21 argv[5] == "-Condorlog"
11/28 17:11:21 argv[6] == "/var/www/localhost/htdocs/ifold/iFoldDaemon17/job.log"
11/28 17:11:21 argv[7] == "-Dag"
11/28 17:11:21 argv[8] == "job.dagman"
11/28 17:11:21 argv[9] == "-Rescue"
11/28 17:11:21 argv[10] == "job.dagman.rescue"
11/28 17:11:21 DAG Lockfile will be written to job.dagman.lock
11/28 17:11:21 DAG Input file is job.dagman
11/28 17:11:21 Rescue DAG will be written to job.dagman.rescue
11/28 17:11:21 All DAG node user log files:
11/28 17:11:21   /var/www/localhost/htdocs/ifold/iFoldDaemon17/job.log (Condor)
11/28 17:11:21 Parsing job.dagman ...
11/28 17:11:21 Dag contains 1 total jobs
11/28 17:11:21 Truncating any older versions of log files...
11/28 17:11:21 MultiLogFiles: truncating older version of /var/www/localhost/htdocs/ifold/iFoldDaemon17/job.log
11/28 17:11:21 Bootstrapping...
11/28 17:11:21 Number of pre-completed nodes: 0
11/28 17:11:21 Registering condor_event_timer...
11/28 17:11:22 Got node job_1 from the ready queue
11/28 17:11:22 Submitting Condor Node job_1 job(s)...
11/28 17:11:22 submitting: condor_submit -a dag_node_name' '=' 'job_1 -a +DAGManJobId' '=' '364 -a DAGManJobId' '=' '364 -a submit_event_notes' '=' 'DAG' 'Node:' 'job_1 -a +DAGParentNodeNames' '=' '"" job.condor
11/28 17:11:22 From submit: Submitting job(s).
11/28 17:11:22 From submit: Logging submit event(s).
11/28 17:11:22 From submit: 1 job(s) submitted to cluster 365.
11/28 17:11:22 	assigned Condor ID (365.0)
11/28 17:11:22 Just submitted 1 job this cycle...
11/28 17:11:22 Event: ULOG_SUBMIT for Condor Node job_1 (365.0)
11/28 17:11:22 Number of idle job procs: 1
11/28 17:11:22 Of 1 nodes total:
11/28 17:11:22  Done     Pre   Queued    Post   Ready   Un-Ready   Failed
11/28 17:11:22   ===     ===      ===     ===     ===        ===      ===
11/28 17:11:22     0       0        1       0       0          0        0
11/28 17:11:57 Event: ULOG_GLOBUS_SUBMIT for Condor Node job_1 (365.0)
11/28 17:11:57 Event: ULOG_GRID_SUBMIT for Condor Node job_1 (365.0)
11/28 17:13:27 Event: ULOG_EXECUTE for Condor Node job_1 (365.0)
11/28 17:13:27 Number of idle job procs: 0
11/28 17:19:12 Event: ULOG_JOB_TERMINATED for Condor Node job_1 (365.0)
11/28 17:19:12 Node job_1 job proc (365.0) completed successfully.
11/28 17:19:12 Node job_1 job completed
11/28 17:19:12 Running POST script of Node job_1...
11/28 17:19:12 Number of idle job procs: 0
11/28 17:19:12 Of 1 nodes total:
11/28 17:19:12  Done     Pre   Queued    Post   Ready   Un-Ready   Failed
11/28 17:19:12   ===     ===      ===     ===     ===        ===      ===
11/28 17:19:12     0       0        0       1       0          0        0
11/28 17:19:17 Event: ULOG_POST_SCRIPT_TERMINATED for Condor Node job_1 (365.0)
11/28 17:19:17 POST Script of Node job_1 completed successfully.
11/28 17:19:17 Of 1 nodes total:
11/28 17:19:17  Done     Pre   Queued    Post   Ready   Un-Ready   Failed
11/28 17:19:17   ===     ===      ===     ===     ===        ===      ===
11/28 17:19:17     1       0        0       0       0          0        0
11/28 17:19:17 All jobs Completed!
11/28 17:19:17 Note: 0 total job deferrals because of -MaxJobs limit (0)
11/28 17:19:17 Note: 0 total job deferrals because of -MaxIdle limit (0)
11/28 17:19:17 Note: 0 total PRE script deferrals because of -MaxPre limit (0)
11/28 17:19:17 Note: 0 total POST script deferrals because of -MaxPost limit (0)
11/28 17:19:17 **** condor_scheduniv_exec.364.0 (condor_DAGMAN) EXITING WITH STATUS 0
