000 (1343.000.000) 04/09 14:35:25 Job submitted from host: <152.19.64.130:37897>
...
001 (1343.000.000) 04/09 14:35:25 Job executing on host: <152.19.64.130:37897>
...
001 (1343.000.000) 08/05 18:13:41 Job executing on host: <152.19.64.130:59407>
...
001 (1343.000.000) 10/12 18:30:58 Job executing on host: <152.19.64.130:58081>
...
001 (1343.000.000) 10/18 09:14:19 Job executing on host: <152.19.64.130:39991>
...
001 (1343.000.000) 11/08 08:40:28 Job executing on host: <152.19.64.130:47546>
...
004 (1343.000.000) 02/14 21:26:26 Job was evicted.
	(0) Job was not checkpointed.
		Usr 0 00:00:00, Sys 0 00:00:00  -  Run Remote Usage
		Usr 0 00:00:00, Sys 0 00:00:00  -  Run Local Usage
	0  -  Run Bytes Sent By Job
	0  -  Run Bytes Received By Job
...
001 (1343.000.000) 02/14 21:31:26 Job executing on host: <152.19.64.130:47546>
...
004 (1343.000.000) 03/10 16:38:25 Job was evicted.
	(0) Job was not checkpointed.
		Usr 0 00:00:00, Sys 0 00:00:00  -  Run Remote Usage
		Usr 0 00:00:00, Sys 0 00:00:00  -  Run Local Usage
	0  -  Run Bytes Sent By Job
	0  -  Run Bytes Received By Job
...
001 (1343.000.000) 03/10 16:43:25 Job executing on host: <152.19.64.130:47546>
...
004 (1343.000.000) 03/10 16:55:54 Job was evicted.
	(0) Job was not checkpointed.
		Usr 0 00:00:00, Sys 0 00:00:00  -  Run Remote Usage
		Usr 0 00:00:00, Sys 0 00:00:00  -  Run Local Usage
	0  -  Run Bytes Sent By Job
	0  -  Run Bytes Received By Job
...
001 (1343.000.000) 03/10 17:00:54 Job executing on host: <152.19.64.130:47546>
...
004 (1343.000.000) 03/10 22:22:19 Job was evicted.
	(0) Job was not checkpointed.
		Usr 0 00:00:00, Sys 0 00:00:00  -  Run Remote Usage
		Usr 0 00:00:00, Sys 0 00:00:00  -  Run Local Usage
	0  -  Run Bytes Sent By Job
	0  -  Run Bytes Received By Job
...
001 (1343.000.000) 03/10 22:27:20 Job executing on host: <152.19.64.130:47546>
...
004 (1343.000.000) 03/10 23:46:04 Job was evicted.
	(0) Job was not checkpointed.
		Usr 0 00:00:00, Sys 0 00:00:00  -  Run Remote Usage
		Usr 0 00:00:00, Sys 0 00:00:00  -  Run Local Usage
	0  -  Run Bytes Sent By Job
	0  -  Run Bytes Received By Job
...
001 (1343.000.000) 02/17 11:07:21 Job executing on host: <152.19.64.130:48975>
...
004 (1343.000.000) 04/03 18:11:35 Job was evicted.
	(0) Job was not checkpointed.
		Usr 0 00:00:00, Sys 0 00:00:00  -  Run Remote Usage
		Usr 0 00:00:00, Sys 0 00:00:00  -  Run Local Usage
	0  -  Run Bytes Sent By Job
	0  -  Run Bytes Received By Job
...
001 (1343.000.000) 04/03 18:40:04 Job executing on host: <152.19.64.130:60150>
...
