Exception in thread "Thread-0" java.util.ConcurrentModificationException
	at java.util.ArrayList.writeObject(ArrayList.java:572)
	at sun.reflect.NativeMethodAccessorImpl.invoke0(Native Method)
	at sun.reflect.NativeMethodAccessorImpl.invoke(NativeMethodAccessorImpl.java:39)
	at sun.reflect.DelegatingMethodAccessorImpl.invoke(DelegatingMethodAccessorImpl.java:25)
	at java.lang.reflect.Method.invoke(Method.java:585)
	at java.io.ObjectStreamClass.invokeWriteObject(ObjectStreamClass.java:917)
	at java.io.ObjectOutputStream.writeSerialData(ObjectOutputStream.java:1339)
	at java.io.ObjectOutputStream.writeOrdinaryObject(ObjectOutputStream.java:1290)
	at java.io.ObjectOutputStream.writeObject0(ObjectOutputStream.java:1079)
	at java.io.ObjectOutputStream.defaultWriteFields(ObjectOutputStream.java:1375)
	at java.io.ObjectOutputStream.writeSerialData(ObjectOutputStream.java:1347)
	at java.io.ObjectOutputStream.writeOrdinaryObject(ObjectOutputStream.java:1290)
	at java.io.ObjectOutputStream.writeObject0(ObjectOutputStream.java:1079)
	at java.io.ObjectOutputStream.defaultWriteFields(ObjectOutputStream.java:1375)
	at java.io.ObjectOutputStream.writeSerialData(ObjectOutputStream.java:1347)
	at java.io.ObjectOutputStream.writeOrdinaryObject(ObjectOutputStream.java:1290)
	at java.io.ObjectOutputStream.writeObject0(ObjectOutputStream.java:1079)
	at java.io.ObjectOutputStream.writeObject(ObjectOutputStream.java:302)
	at org.ifold.daemon.DaemonTalker.run(DaemonTalker.java:97)
