000 (349.000.000) 11/08 06:50:59 Job submitted from host: <152.19.36.1:35966>
    DAG Node: job_1
...
017 (349.000.000) 11/08 06:51:24 Job submitted to Globus
    RM-Contact: grid3.aset.psu.edu:2119/jobmanager-pbs
    JM-Contact: https://grid3.aset.psu.edu:52348/8607/1194522684/
    Can-Restart-JM: 1
...
027 (349.000.000) 11/08 06:51:24 Job submitted to grid resource
    GridResource: gt2 grid3.aset.psu.edu:2119/jobmanager-pbs
    GridJobId: gt2 grid3.aset.psu.edu:2119/jobmanager-pbs https://grid3.aset.psu.edu:52348/8607/1194522684/
...
001 (349.000.000) 11/08 06:53:48 Job executing on host: gt2 grid3.aset.psu.edu:2119/jobmanager-pbs
...
005 (349.000.000) 11/08 07:00:32 Job terminated.
	(1) Normal termination (return value 0)
		Usr 0 00:00:00, Sys 0 00:00:00  -  Run Remote Usage
		Usr 0 00:00:00, Sys 0 00:00:00  -  Run Local Usage
		Usr 0 00:00:00, Sys 0 00:00:00  -  Total Remote Usage
		Usr 0 00:00:00, Sys 0 00:00:00  -  Total Local Usage
	0  -  Run Bytes Sent By Job
	0  -  Run Bytes Received By Job
	0  -  Total Bytes Sent By Job
	0  -  Total Bytes Received By Job
...
016 (349.000.000) 11/08 07:00:34 POST Script terminated.
	(1) Normal termination (return value 0)
    DAG Node: job_1
...
